15:41:49.189 [main]INFO  Orange-HRM - Chrome browser launched
15:41:58.275 [main]INFO  Orange-HRM - Chrome browser launched
15:42:40.431 [main]INFO  Orange-HRM - Chrome browser launched
15:44:13.910 [main]INFO  Orange-HRM - Chrome browser launched
15:44:17.820 [main]INFO  Orange-HRM - Entered username
15:44:17.883 [main]INFO  Orange-HRM - Entered password
15:44:19.251 [main]INFO  Orange-HRM - Clicked on the login button
15:48:56.706 [main]INFO  Orange-HRM - Chrome browser launched
15:49:03.249 [main]INFO  Orange-HRM - Entered username
15:49:03.325 [main]INFO  Orange-HRM - Entered password
15:49:03.388 [main]INFO  Orange-HRM - Clicked on the login button
15:52:16.385 [main]INFO  Orange-HRM - Chrome browser launched
15:52:20.578 [main]INFO  Orange-HRM - Entered username
15:52:20.638 [main]INFO  Orange-HRM - Entered password
15:52:21.889 [main]INFO  Orange-HRM - Clicked on the login button
15:53:55.653 [main]INFO  Orange-HRM - Chrome browser launched
15:53:59.713 [main]INFO  Orange-HRM - Entered username
15:53:59.792 [main]INFO  Orange-HRM - Entered password
15:54:01.091 [main]INFO  Orange-HRM - Clicked on the login button
15:54:01.779 [main]INFO  Orange-HRM - Clicked on the profile button
15:54:02.899 [main]INFO  Orange-HRM - Retrieved 4 dropdown items
16:56:41.536 [main]INFO  Orange-HRM - Chrome browser launched
16:56:46.298 [main]INFO  Orange-HRM - Entered username
16:56:46.401 [main]INFO  Orange-HRM - Entered password
16:56:47.565 [main]INFO  Orange-HRM - Clicked on the login button
16:59:16.409 [main]INFO  Orange-HRM - Chrome browser launched
16:59:24.306 [main]INFO  Orange-HRM - Entered username
16:59:24.436 [main]INFO  Orange-HRM - Entered password
16:59:25.615 [main]INFO  Orange-HRM - Clicked on the login button
17:10:05.663 [main]INFO  Orange-HRM - Chrome browser launched
17:10:09.736 [main]INFO  Orange-HRM - Entered username
17:10:09.866 [main]INFO  Orange-HRM - Entered password
17:10:11.870 [main]INFO  Orange-HRM - Clicked on the login button
17:10:27.597 [main]INFO  Orange-HRM - Chrome browser launched
17:10:31.081 [main]INFO  Orange-HRM - Entered username
17:10:31.215 [main]INFO  Orange-HRM - Entered password
17:10:32.503 [main]INFO  Orange-HRM - Clicked on the login button
17:10:32.989 [main]INFO  Orange-HRM - Clicked on the profile button
17:10:33.964 [main]INFO  Orange-HRM - Retrieved 4 dropdown items
17:16:08.668 [main]INFO  Orange-HRM - Chrome browser launched
17:16:12.362 [main]INFO  Orange-HRM - Entered username
17:16:12.491 [main]INFO  Orange-HRM - Entered password
17:16:13.809 [main]INFO  Orange-HRM - Clicked on the login button
17:16:14.293 [main]INFO  Orange-HRM - Clicked on the profile button
17:16:14.977 [main]INFO  Orange-HRM - Retrieved 4 dropdown items
17:45:09.720 [main]INFO  Orange-HRM - Chrome browser launched
17:45:39.239 [main]INFO  Orange-HRM - Chrome browser launched
17:45:50.512 [main]INFO  Orange-HRM - Chrome browser launched
23:18:50.790 [main]INFO  Orange-HRM - Chrome browser launched
23:19:51.065 [main]INFO  Orange-HRM - Chrome browser launched
23:23:28.715 [main]INFO  Orange-HRM - Chrome browser launched
23:28:40.689 [main]INFO  Orange-HRM - Chrome browser launched
23:28:44.350 [main]INFO  Orange-HRM - Entered username
23:28:44.446 [main]INFO  Orange-HRM - Entered password
23:28:45.855 [main]INFO  Orange-HRM - Clicked on the login button
23:28:46.434 [main]INFO  Orange-HRM - Clicked on the profile button
23:28:47.228 [main]INFO  Orange-HRM - Retrieved 4 dropdown items
23:32:12.130 [main]INFO  Orange-HRM - Chrome browser launched
23:32:16.115 [main]INFO  Orange-HRM - Entered username
23:32:16.203 [main]INFO  Orange-HRM - Entered password
23:32:17.643 [main]INFO  Orange-HRM - Clicked on the login button
23:32:18.157 [main]INFO  Orange-HRM - Clicked on the profile button
23:32:18.860 [main]INFO  Orange-HRM - Retrieved 4 dropdown items
23:36:01.913 [main]INFO  Orange-HRM - Chrome browser launched
23:36:05.545 [main]INFO  Orange-HRM - Entered username
23:36:05.622 [main]INFO  Orange-HRM - Entered password
23:36:06.952 [main]INFO  Orange-HRM - Clicked on the login button
23:36:21.400 [main]INFO  Orange-HRM - Chrome browser launched
23:36:25.383 [main]INFO  Orange-HRM - Entered username
23:36:25.478 [main]INFO  Orange-HRM - Entered password
23:36:26.796 [main]INFO  Orange-HRM - Clicked on the login button
23:36:27.227 [main]INFO  Orange-HRM - Clicked on the profile button
23:36:28.202 [main]INFO  Orange-HRM - Retrieved 4 dropdown items
23:45:00.547 [main]INFO  Orange-HRM - Chrome browser launched
23:45:04.560 [main]INFO  Orange-HRM - Entered username
23:45:04.650 [main]INFO  Orange-HRM - Entered password
23:45:06.390 [main]INFO  Orange-HRM - Clicked on the login button
23:45:17.175 [main]INFO  Orange-HRM - Chrome browser launched
23:45:23.067 [main]INFO  Orange-HRM - Entered username
23:45:23.183 [main]INFO  Orange-HRM - Entered password
23:45:24.537 [main]INFO  Orange-HRM - Clicked on the login button
23:45:25.014 [main]INFO  Orange-HRM - Clicked on the profile button
23:45:25.794 [main]INFO  Orange-HRM - Retrieved 4 dropdown items
22:38:48.011 [main]INFO  Orange-HRM - Chrome browser launched
22:39:25.985 [main]INFO  Orange-HRM - Entered username
22:39:26.050 [main]INFO  Orange-HRM - Entered password
22:39:27.268 [main]INFO  Orange-HRM - Clicked on the login button
22:39:44.283 [main]INFO  Orange-HRM - Clicked on the profile button
22:39:45.214 [main]INFO  Orange-HRM - Retrieved 4 dropdown items
14:53:01.703 [main]INFO  Orange-HRM - Chrome browser launched
14:53:17.148 [main]INFO  Orange-HRM - Entered username
14:53:17.202 [main]INFO  Orange-HRM - Entered password
14:53:17.272 [main]INFO  Orange-HRM - Clicked on the login button
14:54:00.761 [main]INFO  Orange-HRM - Chrome browser launched
14:54:05.795 [main]INFO  Orange-HRM - Entered username
14:54:05.926 [main]INFO  Orange-HRM - Entered password
14:54:07.294 [main]INFO  Orange-HRM - Clicked on the login button
14:54:07.870 [main]INFO  Orange-HRM - Clicked on the profile button
14:54:07.871 [main]INFO  Orange-HRM - Dropdown list opened
14:54:08.356 [main]INFO  Orange-HRM - Retrieved 4 dropdown items
14:54:08.683 [main]INFO  Orange-HRM - Dropdown option selected: Logout
14:54:09.527 [main]INFO  Orange-HRM - User successfully logged out and landed on the Login page
